{
  "stats": {
    "suites": 3,
    "tests": 10,
    "passes": 10,
    "pending": 0,
    "failures": 0,
    "start": "2025-11-03T01:19:18.579Z",
    "end": "2025-11-03T01:19:18.594Z",
    "duration": 15,
    "testsRegistered": 10,
    "passPercent": 100,
    "pendingPercent": 0,
    "other": 0,
    "hasOther": false,
    "skipped": 0,
    "hasSkipped": false
  },
  "results": [
    {
      "uuid": "4e4ea9eb-a682-4670-bddf-cd57fafcecaa",
      "title": "",
      "fullFile": "M:\\Internship\\Home2\\2_1\\test\\numbers-validator\\isNumberEven.spec.js",
      "file": "\\test\\numbers-validator\\isNumberEven.spec.js",
      "beforeHooks": [],
      "afterHooks": [],
      "tests": [],
      "suites": [
        {
          "uuid": "28829730-896b-4a6b-9157-cd5ac72c412c",
          "title": "isNumberEven",
          "fullFile": "M:\\Internship\\Home2\\2_1\\test\\numbers-validator\\isNumberEven.spec.js",
          "file": "\\test\\numbers-validator\\isNumberEven.spec.js",
          "beforeHooks": [
            {
              "title": "\"before each\" hook in \"isNumberEven\"",
              "fullTitle": "isNumberEven \"before each\" hook in \"isNumberEven\"",
              "timedOut": false,
              "duration": 0,
              "state": null,
              "speed": null,
              "pass": false,
              "fail": false,
              "pending": false,
              "context": null,
              "code": "validator = new NumbersValidator();",
              "err": {},
              "uuid": "efb4b1ad-b093-4a9b-9475-a889eb73f9c4",
              "parentUUID": "28829730-896b-4a6b-9157-cd5ac72c412c",
              "isHook": true,
              "skipped": false
            }
          ],
          "afterHooks": [
            {
              "title": "\"after each\" hook in \"isNumberEven\"",
              "fullTitle": "isNumberEven \"after each\" hook in \"isNumberEven\"",
              "timedOut": false,
              "duration": 0,
              "state": null,
              "speed": null,
              "pass": false,
              "fail": false,
              "pending": false,
              "context": null,
              "code": "validator = null;",
              "err": {},
              "uuid": "069eaf43-c102-4f77-b62f-b8ab019f505c",
              "parentUUID": "28829730-896b-4a6b-9157-cd5ac72c412c",
              "isHook": true,
              "skipped": false
            }
          ],
          "tests": [],
          "suites": [
            {
              "uuid": "24d7654b-bde2-441e-9890-325535f35e30",
              "title": "positive cases",
              "fullFile": "M:\\Internship\\Home2\\2_1\\test\\numbers-validator\\isNumberEven.spec.js",
              "file": "\\test\\numbers-validator\\isNumberEven.spec.js",
              "beforeHooks": [],
              "afterHooks": [],
              "tests": [
                {
                  "title": "should return true if number is even",
                  "fullTitle": "isNumberEven positive cases should return true if number is even",
                  "timedOut": false,
                  "duration": 1,
                  "state": "passed",
                  "speed": "fast",
                  "pass": true,
                  "fail": false,
                  "pending": false,
                  "context": null,
                  "code": "expect(validator.isNumberEven(4)).to.be.equal(true);",
                  "err": {},
                  "uuid": "ea098709-22b8-4e73-bfd3-c6ad8bcaaf6e",
                  "parentUUID": "24d7654b-bde2-441e-9890-325535f35e30",
                  "isHook": false,
                  "skipped": false
                },
                {
                  "title": "should return array of even numbers",
                  "fullTitle": "isNumberEven positive cases should return array of even numbers",
                  "timedOut": false,
                  "duration": 1,
                  "state": "passed",
                  "speed": "fast",
                  "pass": true,
                  "fail": false,
                  "pending": false,
                  "context": null,
                  "code": "const input = [1, 2, 3, 4, 5, 23, 10];\nexpect(validator.getEvenNumbersFromArray(input)).to.eql([2, 4, 10]);",
                  "err": {},
                  "uuid": "3d7ad5bd-3a75-4b7b-b548-4c8d38a2088b",
                  "parentUUID": "24d7654b-bde2-441e-9890-325535f35e30",
                  "isHook": false,
                  "skipped": false
                },
                {
                  "title": "should return true if given array cinsist only numbers",
                  "fullTitle": "isNumberEven positive cases should return true if given array cinsist only numbers",
                  "timedOut": false,
                  "duration": 0,
                  "state": "passed",
                  "speed": "fast",
                  "pass": true,
                  "fail": false,
                  "pending": false,
                  "context": null,
                  "code": "const input = [1, 2, 3, 4, 5, 23, 10];\nexpect(validator.isAllNumbers(input)).to.be.eql(true);",
                  "err": {},
                  "uuid": "761d3b16-ca91-4a72-b087-56bc297bd84b",
                  "parentUUID": "24d7654b-bde2-441e-9890-325535f35e30",
                  "isHook": false,
                  "skipped": false
                },
                {
                  "title": "should return true if input is number",
                  "fullTitle": "isNumberEven positive cases should return true if input is number",
                  "timedOut": false,
                  "duration": 1,
                  "state": "passed",
                  "speed": "fast",
                  "pass": true,
                  "fail": false,
                  "pending": false,
                  "context": null,
                  "code": "expect(validator.isInteger(4)).to.be.equal(true);",
                  "err": {},
                  "uuid": "e037cc5a-eede-4298-97a1-ccea4a2ec020",
                  "parentUUID": "24d7654b-bde2-441e-9890-325535f35e30",
                  "isHook": false,
                  "skipped": false
                }
              ],
              "suites": [],
              "passes": [
                "ea098709-22b8-4e73-bfd3-c6ad8bcaaf6e",
                "3d7ad5bd-3a75-4b7b-b548-4c8d38a2088b",
                "761d3b16-ca91-4a72-b087-56bc297bd84b",
                "e037cc5a-eede-4298-97a1-ccea4a2ec020"
              ],
              "failures": [],
              "pending": [],
              "skipped": [],
              "duration": 3,
              "root": false,
              "rootEmpty": false,
              "_timeout": 2000
            },
            {
              "uuid": "b8dd47f2-c253-472e-a132-af5512982922",
              "title": "negative cases",
              "fullFile": "M:\\Internship\\Home2\\2_1\\test\\numbers-validator\\isNumberEven.spec.js",
              "file": "\\test\\numbers-validator\\isNumberEven.spec.js",
              "beforeHooks": [],
              "afterHooks": [],
              "tests": [
                {
                  "title": "should return false if number is non even",
                  "fullTitle": "isNumberEven negative cases should return false if number is non even",
                  "timedOut": false,
                  "duration": 0,
                  "state": "passed",
                  "speed": "fast",
                  "pass": true,
                  "fail": false,
                  "pending": false,
                  "context": null,
                  "code": "expect(validator.isNumberEven(5)).to.be.equal(false);",
                  "err": {},
                  "uuid": "b47d49d5-fe79-4016-9cad-60d6a1976877",
                  "parentUUID": "b8dd47f2-c253-472e-a132-af5512982922",
                  "isHook": false,
                  "skipped": false
                },
                {
                  "title": "should return error if wrong type of variable",
                  "fullTitle": "isNumberEven negative cases should return error if wrong type of variable",
                  "timedOut": false,
                  "duration": 1,
                  "state": "passed",
                  "speed": "fast",
                  "pass": true,
                  "fail": false,
                  "pending": false,
                  "context": null,
                  "code": "const input = \"four\";\nexpect(() => {\n    validator.isNumberEven(input)\n}).to.throw(`[${input}] is not of type \"Number\" it is of type \"${typeof input}\"`);",
                  "err": {},
                  "uuid": "598f155f-e62a-46b2-96cf-1b294f0c71f1",
                  "parentUUID": "b8dd47f2-c253-472e-a132-af5512982922",
                  "isHook": false,
                  "skipped": false
                },
                {
                  "title": "should return error if wrong type of array",
                  "fullTitle": "isNumberEven negative cases should return error if wrong type of array",
                  "timedOut": false,
                  "duration": 0,
                  "state": "passed",
                  "speed": "fast",
                  "pass": true,
                  "fail": false,
                  "pending": false,
                  "context": null,
                  "code": "const input = [1, \"2\", 3, null, \"5\", 23, 10];\nexpect(() => {\n    validator.getEvenNumbersFromArray(input)\n}).to.throw(`[${input}] is not an array of \"Numbers\"`);",
                  "err": {},
                  "uuid": "33545e3e-6e58-44fb-88f0-e7ec1d96d4b1",
                  "parentUUID": "b8dd47f2-c253-472e-a132-af5512982922",
                  "isHook": false,
                  "skipped": false
                },
                {
                  "title": "should return false if given array cinsist non numbers",
                  "fullTitle": "isNumberEven negative cases should return false if given array cinsist non numbers",
                  "timedOut": false,
                  "duration": 0,
                  "state": "passed",
                  "speed": "fast",
                  "pass": true,
                  "fail": false,
                  "pending": false,
                  "context": null,
                  "code": "const input = [1, \"2\", 3, null, \"5\", 23, 10];\nexpect(validator.isAllNumbers(input)).to.be.eql(false);",
                  "err": {},
                  "uuid": "963cc5a8-5b1e-44e7-b1cb-38103c26e929",
                  "parentUUID": "b8dd47f2-c253-472e-a132-af5512982922",
                  "isHook": false,
                  "skipped": false
                },
                {
                  "title": "should return error if input is non array",
                  "fullTitle": "isNumberEven negative cases should return error if input is non array",
                  "timedOut": false,
                  "duration": 1,
                  "state": "passed",
                  "speed": "fast",
                  "pass": true,
                  "fail": false,
                  "pending": false,
                  "context": null,
                  "code": "const input = {};\nexpect(() => {\n    validator.isAllNumbers(input)\n}).to.throw(`[${input}] is not an array`);",
                  "err": {},
                  "uuid": "349900de-e7aa-4469-a9e9-9cc5c3f3c2e5",
                  "parentUUID": "b8dd47f2-c253-472e-a132-af5512982922",
                  "isHook": false,
                  "skipped": false
                },
                {
                  "title": "should return false if input is non number",
                  "fullTitle": "isNumberEven negative cases should return false if input is non number",
                  "timedOut": false,
                  "duration": 0,
                  "state": "passed",
                  "speed": "fast",
                  "pass": true,
                  "fail": false,
                  "pending": false,
                  "context": null,
                  "code": "const input = \"4\";\nexpect(() => {\n    validator.isInteger(input)\n}).to.throw(`[${input}] is not a number`);",
                  "err": {},
                  "uuid": "69a998fc-06a6-4740-912d-4c96627f0448",
                  "parentUUID": "b8dd47f2-c253-472e-a132-af5512982922",
                  "isHook": false,
                  "skipped": false
                }
              ],
              "suites": [],
              "passes": [
                "b47d49d5-fe79-4016-9cad-60d6a1976877",
                "598f155f-e62a-46b2-96cf-1b294f0c71f1",
                "33545e3e-6e58-44fb-88f0-e7ec1d96d4b1",
                "963cc5a8-5b1e-44e7-b1cb-38103c26e929",
                "349900de-e7aa-4469-a9e9-9cc5c3f3c2e5",
                "69a998fc-06a6-4740-912d-4c96627f0448"
              ],
              "failures": [],
              "pending": [],
              "skipped": [],
              "duration": 2,
              "root": false,
              "rootEmpty": false,
              "_timeout": 2000
            }
          ],
          "passes": [],
          "failures": [],
          "pending": [],
          "skipped": [],
          "duration": 0,
          "root": false,
          "rootEmpty": false,
          "_timeout": 2000
        }
      ],
      "passes": [],
      "failures": [],
      "pending": [],
      "skipped": [],
      "duration": 0,
      "root": true,
      "rootEmpty": true,
      "_timeout": 2000
    }
  ],
  "meta": {
    "mocha": {
      "version": "11.7.4"
    },
    "mochawesome": {
      "options": {
        "quiet": false,
        "reportFilename": "mochawesome",
        "saveHtml": true,
        "saveJson": true,
        "consoleReporter": "spec",
        "useInlineDiffs": false,
        "code": true
      },
      "version": "7.1.4"
    },
    "marge": {
      "options": null,
      "version": "6.3.0"
    }
  }
}